<?xml version="1.0" encoding="UTF-8"?>
<testsuite name="com.mindex.challenge.DataBootstrapTest" tests="1" skipped="0" failures="0" errors="0" timestamp="2023-01-28T00:24:08" hostname="Vishals-MacBook-Air.local" time="0.132">
  <properties/>
  <testcase name="test" classname="com.mindex.challenge.DataBootstrapTest" time="0.132"/>
  <system-out><![CDATA[16:24:07.530 [Test worker] DEBUG org.springframework.test.context.junit4.SpringJUnit4ClassRunner - SpringJUnit4ClassRunner constructor called with [class com.mindex.challenge.DataBootstrapTest]
16:24:07.533 [Test worker] DEBUG org.springframework.test.context.BootstrapUtils - Instantiating CacheAwareContextLoaderDelegate from class [org.springframework.test.context.cache.DefaultCacheAwareContextLoaderDelegate]
16:24:07.536 [Test worker] DEBUG org.springframework.test.context.BootstrapUtils - Instantiating BootstrapContext using constructor [public org.springframework.test.context.support.DefaultBootstrapContext(java.lang.Class,org.springframework.test.context.CacheAwareContextLoaderDelegate)]
16:24:07.548 [Test worker] DEBUG org.springframework.test.context.BootstrapUtils - Instantiating TestContextBootstrapper for test class [com.mindex.challenge.DataBootstrapTest] from class [org.springframework.boot.test.context.SpringBootTestContextBootstrapper]
16:24:07.554 [Test worker] INFO org.springframework.boot.test.context.SpringBootTestContextBootstrapper - Neither @ContextConfiguration nor @ContextHierarchy found for test class [com.mindex.challenge.DataBootstrapTest], using SpringBootContextLoader
16:24:07.555 [Test worker] DEBUG org.springframework.test.context.support.AbstractContextLoader - Did not detect default resource location for test class [com.mindex.challenge.DataBootstrapTest]: class path resource [com/mindex/challenge/DataBootstrapTest-context.xml] does not exist
16:24:07.556 [Test worker] DEBUG org.springframework.test.context.support.AbstractContextLoader - Did not detect default resource location for test class [com.mindex.challenge.DataBootstrapTest]: class path resource [com/mindex/challenge/DataBootstrapTestContext.groovy] does not exist
16:24:07.556 [Test worker] INFO org.springframework.test.context.support.AbstractContextLoader - Could not detect default resource locations for test class [com.mindex.challenge.DataBootstrapTest]: no resource found for suffixes {-context.xml, Context.groovy}.
16:24:07.556 [Test worker] INFO org.springframework.test.context.support.AnnotationConfigContextLoaderUtils - Could not detect default configuration classes for test class [com.mindex.challenge.DataBootstrapTest]: DataBootstrapTest does not declare any static, non-private, non-final, nested classes annotated with @Configuration.
16:24:07.570 [Test worker] DEBUG org.springframework.test.context.support.ActiveProfilesUtils - Could not find an 'annotation declaring class' for annotation type [org.springframework.test.context.ActiveProfiles] and class [com.mindex.challenge.DataBootstrapTest]
16:24:07.592 [Test worker] DEBUG org.springframework.context.annotation.ClassPathScanningCandidateComponentProvider - Identified candidate component class: file [/Users/vishal/Downloads/mindex-java-code-challenge/build/classes/java/main/com/mindex/challenge/ChallengeApplication.class]
16:24:07.593 [Test worker] INFO org.springframework.boot.test.context.SpringBootTestContextBootstrapper - Found @SpringBootConfiguration com.mindex.challenge.ChallengeApplication for test class com.mindex.challenge.DataBootstrapTest
16:24:07.626 [Test worker] DEBUG org.springframework.boot.test.context.SpringBootTestContextBootstrapper - @TestExecutionListeners is not present for class [com.mindex.challenge.DataBootstrapTest]: using defaults.
16:24:07.626 [Test worker] INFO org.springframework.boot.test.context.SpringBootTestContextBootstrapper - Loaded default TestExecutionListener class names from location [META-INF/spring.factories]: [org.springframework.boot.test.autoconfigure.restdocs.RestDocsTestExecutionListener, org.springframework.boot.test.autoconfigure.web.client.MockRestServiceServerResetTestExecutionListener, org.springframework.boot.test.autoconfigure.web.servlet.MockMvcPrintOnlyOnFailureTestExecutionListener, org.springframework.boot.test.autoconfigure.web.servlet.WebDriverTestExecutionListener, org.springframework.boot.test.mock.mockito.MockitoTestExecutionListener, org.springframework.boot.test.mock.mockito.ResetMocksTestExecutionListener, org.springframework.test.context.web.ServletTestExecutionListener, org.springframework.test.context.support.DirtiesContextBeforeModesTestExecutionListener, org.springframework.test.context.support.DependencyInjectionTestExecutionListener, org.springframework.test.context.support.DirtiesContextTestExecutionListener, org.springframework.test.context.transaction.TransactionalTestExecutionListener, org.springframework.test.context.jdbc.SqlScriptsTestExecutionListener, org.springframework.test.context.event.EventPublishingTestExecutionListener]
16:24:07.630 [Test worker] INFO org.springframework.boot.test.context.SpringBootTestContextBootstrapper - Using TestExecutionListeners: [org.springframework.test.context.web.ServletTestExecutionListener@61858d5d, org.springframework.test.context.support.DirtiesContextBeforeModesTestExecutionListener@6001ada3, org.springframework.boot.test.mock.mockito.MockitoTestExecutionListener@57e6ab3e, org.springframework.boot.test.autoconfigure.SpringBootDependencyInjectionTestExecutionListener@5d155889, org.springframework.test.context.support.DirtiesContextTestExecutionListener@10b7d913, org.springframework.test.context.transaction.TransactionalTestExecutionListener@7db60213, org.springframework.test.context.jdbc.SqlScriptsTestExecutionListener@1febe9c0, org.springframework.test.context.event.EventPublishingTestExecutionListener@68cd3ba4, org.springframework.boot.test.autoconfigure.restdocs.RestDocsTestExecutionListener@461c08ef, org.springframework.boot.test.autoconfigure.web.client.MockRestServiceServerResetTestExecutionListener@b772ca5, org.springframework.boot.test.autoconfigure.web.servlet.MockMvcPrintOnlyOnFailureTestExecutionListener@4b1261e2, org.springframework.boot.test.autoconfigure.web.servlet.WebDriverTestExecutionListener@4a03733f, org.springframework.boot.test.mock.mockito.ResetMocksTestExecutionListener@6c7e41e0]
16:24:07.631 [Test worker] DEBUG org.springframework.test.annotation.ProfileValueUtils - Retrieved @ProfileValueSourceConfiguration [null] for test class [com.mindex.challenge.DataBootstrapTest]
16:24:07.631 [Test worker] DEBUG org.springframework.test.annotation.ProfileValueUtils - Retrieved ProfileValueSource type [class org.springframework.test.annotation.SystemProfileValueSource] for class [com.mindex.challenge.DataBootstrapTest]
16:24:07.632 [Test worker] DEBUG org.springframework.test.annotation.ProfileValueUtils - Retrieved @ProfileValueSourceConfiguration [null] for test class [com.mindex.challenge.DataBootstrapTest]
16:24:07.632 [Test worker] DEBUG org.springframework.test.annotation.ProfileValueUtils - Retrieved ProfileValueSource type [class org.springframework.test.annotation.SystemProfileValueSource] for class [com.mindex.challenge.DataBootstrapTest]
16:24:07.633 [Test worker] DEBUG org.springframework.test.context.support.AbstractDirtiesContextTestExecutionListener - Before test class: context [DefaultTestContext@63a02074 testClass = DataBootstrapTest, testInstance = [null], testMethod = [null], testException = [null], mergedContextConfiguration = [WebMergedContextConfiguration@530581fd testClass = DataBootstrapTest, locations = '{}', classes = '{class com.mindex.challenge.ChallengeApplication}', contextInitializerClasses = '[]', activeProfiles = '{}', propertySourceLocations = '{}', propertySourceProperties = '{org.springframework.boot.test.context.SpringBootTestContextBootstrapper=true}', contextCustomizers = set[org.springframework.boot.test.autoconfigure.properties.PropertyMappingContextCustomizer@0, org.springframework.boot.test.autoconfigure.web.servlet.WebDriverContextCustomizerFactory$Customizer@1a4cfb58, org.springframework.boot.test.context.filter.ExcludeFilterContextCustomizer@7365a111, org.springframework.boot.test.json.DuplicateJsonObjectContextCustomizerFactory$DuplicateJsonObjectContextCustomizer@abffb89, org.springframework.boot.test.mock.mockito.MockitoContextCustomizer@0, org.springframework.boot.test.web.client.TestRestTemplateContextCustomizer@473df1c8], resourceBasePath = 'src/main/webapp', contextLoader = 'org.springframework.boot.test.context.SpringBootContextLoader', parent = [null]], attributes = map['org.springframework.test.context.web.ServletTestExecutionListener.activateListener' -> true]], class annotated with @DirtiesContext [false] with mode [null].
16:24:07.634 [Test worker] DEBUG org.springframework.test.annotation.ProfileValueUtils - Retrieved @ProfileValueSourceConfiguration [null] for test class [com.mindex.challenge.DataBootstrapTest]
16:24:07.634 [Test worker] DEBUG org.springframework.test.annotation.ProfileValueUtils - Retrieved ProfileValueSource type [class org.springframework.test.annotation.SystemProfileValueSource] for class [com.mindex.challenge.DataBootstrapTest]
16:24:07.640 [Test worker] DEBUG org.springframework.test.context.support.TestPropertySourceUtils - Adding inlined properties to environment: {spring.jmx.enabled=false, org.springframework.boot.test.context.SpringBootTestContextBootstrapper=true, server.port=-1}

  .   ____          _            __ _ _
 /\\ / ___'_ __ _ _(_)_ __  __ _ \ \ \ \
( ( )\___ | '_ | '_| | '_ \/ _` | \ \ \ \
 \\/  ___)| |_)| | | | | || (_| |  ) ) ) )
  '  |____| .__|_| |_|_| |_\__, | / / / /
 =========|_|==============|___/=/_/_/_/
 :: Spring Boot ::        (v2.2.0.RELEASE)

2023-01-27 16:24:07.741  INFO 94469 --- [    Test worker] com.mindex.challenge.DataBootstrapTest   : Starting DataBootstrapTest on Vishals-MacBook-Air.local with PID 94469 (started by vishal in /Users/vishal/Downloads/mindex-java-code-challenge)
2023-01-27 16:24:07.741 DEBUG 94469 --- [    Test worker] com.mindex.challenge.DataBootstrapTest   : Running with Spring Boot v2.2.0.RELEASE, Spring v5.2.0.RELEASE
2023-01-27 16:24:07.742  INFO 94469 --- [    Test worker] com.mindex.challenge.DataBootstrapTest   : No active profile set, falling back to default profiles: default
2023-01-27 16:24:07.878  INFO 94469 --- [    Test worker] .s.d.r.c.RepositoryConfigurationDelegate : Bootstrapping Spring Data repositories in DEFAULT mode.
2023-01-27 16:24:07.893  INFO 94469 --- [    Test worker] .s.d.r.c.RepositoryConfigurationDelegate : Finished Spring Data repository scanning in 13ms. Found 1 repository interfaces.
2023-01-27 16:24:08.110  INFO 94469 --- [    Test worker] de.bwaldvogel.mongo.MongoServer          : started MongoServer(port: 53502, ssl: false)
2023-01-27 16:24:08.131  INFO 94469 --- [    Test worker] org.mongodb.driver.cluster               : Cluster created with settings {hosts=[127.0.0.1:53502], mode=SINGLE, requiredClusterType=UNKNOWN, serverSelectionTimeout='30000 ms', maxWaitQueueSize=500}
2023-01-27 16:24:08.150  INFO 94469 --- [-server-worker1] d.b.mongo.wire.MongoWireProtocolHandler  : client [id: 0x084b8050, L:/127.0.0.1:53502 - R:/127.0.0.1:53503] connected
2023-01-27 16:24:08.170  WARN 94469 --- [    Test worker] o.s.data.convert.CustomConversions       : Registering converter from class java.time.LocalDateTime to class java.time.Instant as reading converter although it doesn't convert from a store-supported type! You might wanna check you annotation setup at the converter implementation.
2023-01-27 16:24:08.170  WARN 94469 --- [    Test worker] o.s.data.convert.CustomConversions       : Registering converter from class java.time.Instant to class java.time.LocalDateTime as reading converter although it doesn't convert from a store-supported type! You might wanna check you annotation setup at the converter implementation.
2023-01-27 16:24:08.173  WARN 94469 --- [    Test worker] o.s.data.convert.CustomConversions       : Registering converter from class java.time.LocalDateTime to class java.time.Instant as reading converter although it doesn't convert from a store-supported type! You might wanna check you annotation setup at the converter implementation.
2023-01-27 16:24:08.173  WARN 94469 --- [    Test worker] o.s.data.convert.CustomConversions       : Registering converter from class java.time.Instant to class java.time.LocalDateTime as reading converter although it doesn't convert from a store-supported type! You might wanna check you annotation setup at the converter implementation.
2023-01-27 16:24:08.174  INFO 94469 --- [127.0.0.1:53502] org.mongodb.driver.connection            : Opened connection [connectionId{localValue:1}] to 127.0.0.1:53502
2023-01-27 16:24:08.175  INFO 94469 --- [127.0.0.1:53502] org.mongodb.driver.cluster               : Monitor thread successfully connected to server with description ServerDescription{address=127.0.0.1:53502, type=STANDALONE, state=CONNECTED, ok=true, version=ServerVersion{versionList=[3, 0, 0]}, minWireVersion=0, maxWireVersion=2, maxDocumentSize=16777216, logicalSessionTimeoutMinutes=null, roundTripTimeNanos=569541}
2023-01-27 16:24:08.304  INFO 94469 --- [-server-worker2] d.b.mongo.wire.MongoWireProtocolHandler  : client [id: 0xb0420f51, L:/127.0.0.1:53502 - R:/127.0.0.1:53504] connected
2023-01-27 16:24:08.307  INFO 94469 --- [    Test worker] org.mongodb.driver.connection            : Opened connection [connectionId{localValue:2}] to 127.0.0.1:53502
2023-01-27 16:24:08.314  INFO 94469 --- [-server-worker2] d.b.mongo.backend.AbstractMongoBackend   : created database test
2023-01-27 16:24:08.318  INFO 94469 --- [-server-worker2] d.b.mongo.backend.AbstractMongoDatabase  : adding unique _id index for collection employee
2023-01-27 16:24:08.318  INFO 94469 --- [-server-worker2] d.b.mongo.backend.AbstractMongoDatabase  : created collection test.employee
2023-01-27 16:24:08.438  INFO 94469 --- [    Test worker] o.s.s.concurrent.ThreadPoolTaskExecutor  : Initializing ExecutorService 'applicationTaskExecutor'
2023-01-27 16:24:08.497  WARN 94469 --- [    Test worker] o.s.data.convert.CustomConversions       : Registering converter from class java.time.LocalDateTime to class java.time.Instant as reading converter although it doesn't convert from a store-supported type! You might wanna check you annotation setup at the converter implementation.
2023-01-27 16:24:08.497  WARN 94469 --- [    Test worker] o.s.data.convert.CustomConversions       : Registering converter from class java.time.Instant to class java.time.LocalDateTime as reading converter although it doesn't convert from a store-supported type! You might wanna check you annotation setup at the converter implementation.
2023-01-27 16:24:08.503  WARN 94469 --- [    Test worker] o.s.data.convert.CustomConversions       : Registering converter from class java.time.LocalDateTime to class java.time.Instant as reading converter although it doesn't convert from a store-supported type! You might wanna check you annotation setup at the converter implementation.
2023-01-27 16:24:08.503  WARN 94469 --- [    Test worker] o.s.data.convert.CustomConversions       : Registering converter from class java.time.Instant to class java.time.LocalDateTime as reading converter although it doesn't convert from a store-supported type! You might wanna check you annotation setup at the converter implementation.
2023-01-27 16:24:08.524  INFO 94469 --- [    Test worker] com.mindex.challenge.DataBootstrapTest   : Started DataBootstrapTest in 0.88 seconds (JVM running for 1.234)
]]></system-out>
  <system-err><![CDATA[]]></system-err>
</testsuite>
