<?xml version="1.0" encoding="UTF-8"?>
<testsuite name="com.mindex.challenge.ChallengeApplicationTests" tests="1" skipped="0" failures="0" errors="0" timestamp="2023-01-28T00:24:09" hostname="Vishals-MacBook-Air.local" time="0.001">
  <properties/>
  <testcase name="contextLoads" classname="com.mindex.challenge.ChallengeApplicationTests" time="0.001"/>
  <system-out><![CDATA[2023-01-27 16:24:09.025  INFO 94469 --- [    Test worker] .b.t.c.SpringBootTestContextBootstrapper : Neither @ContextConfiguration nor @ContextHierarchy found for test class [com.mindex.challenge.ChallengeApplicationTests], using SpringBootContextLoader
2023-01-27 16:24:09.025  INFO 94469 --- [    Test worker] o.s.t.c.support.AbstractContextLoader    : Could not detect default resource locations for test class [com.mindex.challenge.ChallengeApplicationTests]: no resource found for suffixes {-context.xml, Context.groovy}.
2023-01-27 16:24:09.025  INFO 94469 --- [    Test worker] t.c.s.AnnotationConfigContextLoaderUtils : Could not detect default configuration classes for test class [com.mindex.challenge.ChallengeApplicationTests]: ChallengeApplicationTests does not declare any static, non-private, non-final, nested classes annotated with @Configuration.
2023-01-27 16:24:09.026  INFO 94469 --- [    Test worker] .b.t.c.SpringBootTestContextBootstrapper : Found @SpringBootConfiguration com.mindex.challenge.ChallengeApplication for test class com.mindex.challenge.ChallengeApplicationTests
2023-01-27 16:24:09.026  INFO 94469 --- [    Test worker] .b.t.c.SpringBootTestContextBootstrapper : Loaded default TestExecutionListener class names from location [META-INF/spring.factories]: [org.springframework.boot.test.autoconfigure.restdocs.RestDocsTestExecutionListener, org.springframework.boot.test.autoconfigure.web.client.MockRestServiceServerResetTestExecutionListener, org.springframework.boot.test.autoconfigure.web.servlet.MockMvcPrintOnlyOnFailureTestExecutionListener, org.springframework.boot.test.autoconfigure.web.servlet.WebDriverTestExecutionListener, org.springframework.boot.test.mock.mockito.MockitoTestExecutionListener, org.springframework.boot.test.mock.mockito.ResetMocksTestExecutionListener, org.springframework.test.context.web.ServletTestExecutionListener, org.springframework.test.context.support.DirtiesContextBeforeModesTestExecutionListener, org.springframework.test.context.support.DependencyInjectionTestExecutionListener, org.springframework.test.context.support.DirtiesContextTestExecutionListener, org.springframework.test.context.transaction.TransactionalTestExecutionListener, org.springframework.test.context.jdbc.SqlScriptsTestExecutionListener, org.springframework.test.context.event.EventPublishingTestExecutionListener]
2023-01-27 16:24:09.026  INFO 94469 --- [    Test worker] .b.t.c.SpringBootTestContextBootstrapper : Using TestExecutionListeners: [org.springframework.test.context.web.ServletTestExecutionListener@30c2aebb, org.springframework.test.context.support.DirtiesContextBeforeModesTestExecutionListener@13bed987, org.springframework.boot.test.mock.mockito.MockitoTestExecutionListener@18392f26, org.springframework.boot.test.autoconfigure.SpringBootDependencyInjectionTestExecutionListener@66f967de, org.springframework.test.context.support.DirtiesContextTestExecutionListener@436bbacc, org.springframework.test.context.transaction.TransactionalTestExecutionListener@267c31c7, org.springframework.test.context.jdbc.SqlScriptsTestExecutionListener@776d7a31, org.springframework.test.context.event.EventPublishingTestExecutionListener@5a873495, org.springframework.boot.test.autoconfigure.restdocs.RestDocsTestExecutionListener@44a448d3, org.springframework.boot.test.autoconfigure.web.client.MockRestServiceServerResetTestExecutionListener@311bb89, org.springframework.boot.test.autoconfigure.web.servlet.MockMvcPrintOnlyOnFailureTestExecutionListener@1f31f528, org.springframework.boot.test.autoconfigure.web.servlet.WebDriverTestExecutionListener@7cf159c7, org.springframework.boot.test.mock.mockito.ResetMocksTestExecutionListener@1a75645a]
]]></system-out>
  <system-err><![CDATA[]]></system-err>
</testsuite>
